02.07.2005  16:01:38    
02.07.2005  16:01:38    
02.07.2005  16:01:38   Запуск программы.
02.07.2005  16:01:38   Информация файла конфигурации:
02.07.2005  16:01:38   OPCServer: WinTECH.OPCServer
02.07.2005  16:01:38   OPCServer IP Address: 192.168.0.1
02.07.2005  16:01:38   Через сколько секунд делать переинициализацию, если сервер не отвечает: 20
02.07.2005  16:01:38   Метод доступа к данным:   SubScribe
02.07.2005  16:01:38   Имя области памяти для обмена данными: NTLDSRV_GET_DATA
02.07.2005  16:01:38   Имя LOG-файла: log/OPCClient.log
02.07.2005  16:01:38   Создание именованной области памяти для обмена данными...
02.07.2005  16:01:38   OK.
02.07.2005  16:01:38   Создание именованной области памяти контроля работы программы...
02.07.2005  16:01:38   OK.
02.07.2005  16:03:06    
02.07.2005  16:03:06    
02.07.2005  16:03:06   Запуск программы.
02.07.2005  16:03:06   Информация файла конфигурации:
02.07.2005  16:03:06   OPCServer: WinTECH.OPCServer
02.07.2005  16:03:06   OPCServer IP Address: 192.168.0.1
02.07.2005  16:03:06   Через сколько секунд делать переинициализацию, если сервер не отвечает: 20
02.07.2005  16:03:06   Метод доступа к данным:   SubScribe
02.07.2005  16:03:06   Имя области памяти для обмена данными: NTLDSRV_GET_DATA
02.07.2005  16:03:06   Имя LOG-файла: log/OPCClient.log
02.07.2005  16:03:06   Создание именованной области памяти для обмена данными...
02.07.2005  16:03:06   OK.
02.07.2005  16:03:06   Создание именованной области памяти контроля работы программы...
02.07.2005  16:03:06   OK.
02.07.2005  16:09:30    
02.07.2005  16:09:30    
02.07.2005  16:09:30   Запуск программы.
02.07.2005  16:09:30   Информация файла конфигурации:
02.07.2005  16:09:30   OPCServer: WinTECH.OPCServer
02.07.2005  16:09:30   OPCServer IP Address: 192.168.0.1
02.07.2005  16:09:30   Через сколько секунд делать переинициализацию, если сервер не отвечает: 20
02.07.2005  16:09:30   Метод доступа к данным:   SubScribe
02.07.2005  16:09:30   Имя области памяти для обмена данными: NTLDSRV_GET_DATA
02.07.2005  16:09:30   Имя LOG-файла: log/OPCClient.log
02.07.2005  16:09:30   Создание именованной области памяти для обмена данными...
02.07.2005  16:09:30   OK.
02.07.2005  16:09:30   Создание именованной области памяти контроля работы программы...
02.07.2005  16:09:30   OK.
02.07.2005  16:10:24    
02.07.2005  16:10:24    
02.07.2005  16:10:24   Запуск программы.
02.07.2005  16:10:24   Информация файла конфигурации:
02.07.2005  16:10:24   OPCServer: WinTECH.OPCServer
02.07.2005  16:10:24   OPCServer IP Address: 192.168.0.1
02.07.2005  16:10:24   Через сколько секунд делать переинициализацию, если сервер не отвечает: 20
02.07.2005  16:10:24   Метод доступа к данным:   SubScribe
02.07.2005  16:10:24   Имя области памяти для обмена данными: NTLDSRV_GET_DATA
02.07.2005  16:10:24   Имя LOG-файла: log/OPCClient.log
02.07.2005  16:10:24   Создание именованной области памяти для обмена данными...
02.07.2005  16:10:24   OK.
02.07.2005  16:10:24   Создание именованной области памяти контроля работы программы...
02.07.2005  16:10:24   OK.
02.07.2005  16:15:25    
02.07.2005  16:15:25    
02.07.2005  16:15:25   Запуск программы.
02.07.2005  16:15:25   Информация файла конфигурации:
02.07.2005  16:15:25   OPCServer: WinTECH.OPCServer
02.07.2005  16:15:25   OPCServer IP Address: 192.168.0.1
02.07.2005  16:15:25   Через сколько секунд делать переинициализацию, если сервер не отвечает: 20
02.07.2005  16:15:25   Метод доступа к данным:   SubScribe
02.07.2005  16:15:25   Имя области памяти для обмена данными: NTLDSRV_GET_DATA
02.07.2005  16:15:25   Имя LOG-файла: log/OPCClient.log
02.07.2005  16:15:25   Создание именованной области памяти для обмена данными...
02.07.2005  16:15:25   OK.
02.07.2005  16:15:25   Создание именованной области памяти контроля работы программы...
02.07.2005  16:15:25   OK.
02.07.2005  16:15:55   Инициализация DCOM:
02.07.2005  16:15:55   CoInitializeEx(NULL,COINIT_MULTITHREADED)...
02.07.2005  16:15:55   OK
02.07.2005  16:15:55   CoCreateInstanceEx(ioclsid, NULL,CLSCTX_ALL,&iosin,1,iomqi)...
02.07.2005  16:15:55   OK
02.07.2005  16:15:55   Проверка интерфейса сервера:
02.07.2005  16:15:55   lp_IOPCServer->QueryInterface(IID_IOPCBrowseServerAddressSpace,&lp_IOPCBrowse)...
02.07.2005  16:15:55   OK
02.07.2005  16:15:55   Добавление группы:
02.07.2005  16:15:55   IOPCServer->AddGroup(
02.07.2005  16:15:55       ozpmASUTGRP, TRUE, 1000, 0, 0, HSG, updRate, IID_IOPCItemMgt, &lp_IOPCItemMgt
02.07.2005  16:15:55   )...
02.07.2005  16:15:55   OK
02.07.2005  16:15:55   Запрашиваемая частота обновления: 1000 мсек
02.07.2005  16:15:55   Частота обновления установленная на сервере: 1000 мсек
02.07.2005  16:15:55   Инициализация синхронного интерфейса:
02.07.2005  16:15:55   lp_IOPCItemMgt->QueryInterface(IID_IOPCSyncIO, &lp_IOPCSyncIO)...
02.07.2005  16:15:55   OK
02.07.2005  16:15:55   Инициализация интерфейса подписки (SubScribe):
02.07.2005  16:15:55   lp_IOPCItemMgt->QueryInterface(IID_IConnectionPointContainer,&lp_IConnectionPointContainer)...
02.07.2005  16:15:55   OK
02.07.2005  16:15:56   Определено переменных(тэгов) для запроса на сервере: 9
02.07.2005  16:15:56   Определено переменных(тэгов) для локальной обработки: 2
02.07.2005  16:15:56   Добавление переменных(тэгов) в список запроса:
02.07.2005  16:15:56   lp_IOPCItemMgt->AddItems(9, ItemDef, &pItemResult, &pErrorm)...
02.07.2005  16:15:56   OK
02.07.2005  16:15:56   Инициализация ожидания ответа от сервера по подписке:
02.07.2005  16:15:56   lp_IConnectionPointContainer->FindConnectionPoint(IID_IOPCDataCallback,&lp_IConnectionPoint)...
02.07.2005  16:15:56   OK
02.07.2005  16:15:56   lp_IConnectionPoint->Advise((IUnknown *)(IOPCDataCallback *)this,&conCookie)...
02.07.2005  16:15:56   OK
